<?xml version="1.0" encoding="UTF-8"?>
<testsuite xmlns:xsi="http://www.w3.org/2001/XMLSchema-instance" xsi:noNamespaceSchemaLocation="https://maven.apache.org/surefire/maven-surefire-plugin/xsd/surefire-test-report.xsd" name="VVSS_lab2.AppTest" time="0.062" tests="19" errors="0" skipped="0" failures="7">
  <properties>
    <property name="sun.desktop" value="windows"/>
    <property name="awt.toolkit" value="sun.awt.windows.WToolkit"/>
    <property name="java.specification.version" value="11"/>
    <property name="sun.cpu.isalist" value="amd64"/>
    <property name="sun.jnu.encoding" value="Cp1252"/>
    <property name="java.class.path" value="C:\Users\prica\Desktop\cs ubb\sem VI\Software system validation&amp;verification\Labs\VVSS_lab2\target\test-classes;C:\Users\prica\Desktop\cs ubb\sem VI\Software system validation&amp;verification\Labs\VVSS_lab2\target\classes;C:\Users\prica\.m2\repository\junit\junit\4.11\junit-4.11.jar;C:\Users\prica\.m2\repository\org\hamcrest\hamcrest-core\1.3\hamcrest-core-1.3.jar;"/>
    <property name="java.vm.vendor" value="Oracle Corporation"/>
    <property name="sun.arch.data.model" value="64"/>
    <property name="user.variant" value=""/>
    <property name="java.vendor.url" value="http://java.oracle.com/"/>
    <property name="user.timezone" value="Europe/Athens"/>
    <property name="java.vm.specification.version" value="11"/>
    <property name="os.name" value="Windows 10"/>
    <property name="sun.java.launcher" value="SUN_STANDARD"/>
    <property name="user.country" value="US"/>
    <property name="sun.boot.library.path" value="C:\Program Files\Java\jdk-11\bin"/>
    <property name="sun.java.command" value="C:\Users\prica\AppData\Local\Temp\surefire11178186356645611320\surefirebooter17246190842783314463.jar C:\Users\prica\AppData\Local\Temp\surefire11178186356645611320 2020-04-01T17-45-37_692-jvmRun1 surefire16378353868859977972tmp surefire_07214039991910096975tmp"/>
    <property name="jdk.debug" value="release"/>
    <property name="surefire.test.class.path" value="C:\Users\prica\Desktop\cs ubb\sem VI\Software system validation&amp;verification\Labs\VVSS_lab2\target\test-classes;C:\Users\prica\Desktop\cs ubb\sem VI\Software system validation&amp;verification\Labs\VVSS_lab2\target\classes;C:\Users\prica\.m2\repository\junit\junit\4.11\junit-4.11.jar;C:\Users\prica\.m2\repository\org\hamcrest\hamcrest-core\1.3\hamcrest-core-1.3.jar;"/>
    <property name="sun.cpu.endian" value="little"/>
    <property name="user.home" value="C:\Users\prica"/>
    <property name="user.language" value="en"/>
    <property name="java.specification.vendor" value="Oracle Corporation"/>
    <property name="java.version.date" value="2018-09-25"/>
    <property name="java.home" value="C:\Program Files\Java\jdk-11"/>
    <property name="file.separator" value="\"/>
    <property name="basedir" value="C:\Users\prica\Desktop\cs ubb\sem VI\Software system validation&amp;verification\Labs\VVSS_lab2"/>
    <property name="java.vm.compressedOopsMode" value="32-bit"/>
    <property name="line.separator" value="&#10;"/>
    <property name="java.specification.name" value="Java Platform API Specification"/>
    <property name="java.vm.specification.vendor" value="Oracle Corporation"/>
    <property name="java.awt.graphicsenv" value="sun.awt.Win32GraphicsEnvironment"/>
    <property name="surefire.real.class.path" value="C:\Users\prica\AppData\Local\Temp\surefire11178186356645611320\surefirebooter17246190842783314463.jar"/>
    <property name="user.script" value=""/>
    <property name="sun.management.compiler" value="HotSpot 64-Bit Tiered Compilers"/>
    <property name="java.runtime.version" value="11+28"/>
    <property name="user.name" value="prica"/>
    <property name="path.separator" value=";"/>
    <property name="os.version" value="10.0"/>
    <property name="java.runtime.name" value="Java(TM) SE Runtime Environment"/>
    <property name="file.encoding" value="Cp1252"/>
    <property name="java.vm.name" value="Java HotSpot(TM) 64-Bit Server VM"/>
    <property name="java.vendor.version" value="18.9"/>
    <property name="localRepository" value="C:\Users\prica\.m2\repository"/>
    <property name="java.vendor.url.bug" value="http://bugreport.java.com/bugreport/"/>
    <property name="java.io.tmpdir" value="C:\Users\prica\AppData\Local\Temp\"/>
    <property name="java.version" value="11"/>
    <property name="user.dir" value="C:\Users\prica\Desktop\cs ubb\sem VI\Software system validation&amp;verification\Labs\VVSS_lab2"/>
    <property name="os.arch" value="amd64"/>
    <property name="java.vm.specification.name" value="Java Virtual Machine Specification"/>
    <property name="java.awt.printerjob" value="sun.awt.windows.WPrinterJob"/>
    <property name="sun.os.patch.level" value=""/>
    <property name="idea.version2019.1.1" value="true"/>
    <property name="java.library.path" value="C:\Program Files\Java\jdk-11\bin;C:\WINDOWS\Sun\Java\bin;C:\WINDOWS\system32;C:\WINDOWS;C:\Program Files\Microsoft MPI\Bin\;C:\Python27\;C:\Python27\Scripts;C:\Program Files (x86)\Common Files\Oracle\Java\javapath;C:\Program Files (x86)\Intel\iCLS Client\;C:\Program Files\Intel\iCLS Client\;C:\Windows\system32;C:\Windows;C:\Windows\System32\Wbem;C:\Windows\System32\WindowsPowerShell\v1.0\;C:\Program Files (x86)\NVIDIA Corporation\PhysX\Common;C:\Program Files (x86)\Intel\Intel(R) Management Engine Components\DAL;C:\Program Files\Intel\Intel(R) Management Engine Components\DAL;C:\Program Files (x86)\Intel\Intel(R) Management Engine Components\IPT;C:\Program Files\Intel\Intel(R) Management Engine Components\IPT;C:\WINDOWS\system32;C:\WINDOWS;C:\WINDOWS\System32\Wbem;C:\WINDOWS\System32\WindowsPowerShell\v1.0\;C:\Program Files\dotnet\;C:\WINDOWS\System32\OpenSSH\;C:\Program Files\Microsoft SQL Server\Client SDK\ODBC\130\Tools\Binn\;C:\Program Files (x86)\Microsoft SQL Server\140\Tools\Binn\;C:\Program Files\Microsoft SQL Server\140\Tools\Binn\;C:\Program Files\Microsoft SQL Server\140\DTS\Binn\;C:\Program Files (x86)\Microsoft SQL Server\Client SDK\ODBC\130\Tools\Binn\;C:\Program Files (x86)\Microsoft SQL Server\140\DTS\Binn\;C:\Program Files (x86)\Microsoft SQL Server\140\Tools\Binn\ManagementStudio\;C:\Program Files\NVIDIA Corporation\NVIDIA NvDLISR;C:\Program Files\Git\cmd;C:\WINDOWS\system32;C:\WINDOWS;C:\WINDOWS\System32\Wbem;C:\WINDOWS\System32\WindowsPowerShell\v1.0\;C:\WINDOWS\System32\OpenSSH\;C:\Program Files\Microsoft SQL Server\130\Tools\Binn\;C:\Program Files\nodejs\;C:\ProgramData\chocolatey\bin;C:\Program Files (x86)\Yarn\bin\;C:\Program Files\Java\jre1.8.0_231\bin;C:\Users\prica\AppData\Local\Programs\Microsoft VS Code\bin;C:\Users\prica\AppData\Local\JetBrains\WebStorm 2019.2.3\bin;;C:\Users\prica\AppData\Roaming\npm;C:\Users\prica\AppData\Local\Yarn\bin;C:\GnuWin32\bin;C:\MinGW\bin;C:\Program Files\Tesseract-OCR;;C:\Users\prica\AppData\Local\Microsoft\WindowsApps;C:\Program Files\JetBrains\PyCharm 2019.3.3\bin;;."/>
    <property name="java.vendor" value="Oracle Corporation"/>
    <property name="java.vm.info" value="mixed mode"/>
    <property name="java.vm.version" value="11+28"/>
    <property name="sun.io.unicode.encoding" value="UnicodeLittle"/>
    <property name="java.class.version" value="55.0"/>
  </properties>
  <testcase name="addStudentTest" classname="VVSS_lab2.AppTest" time="0.005"/>
  <testcase name="addStudent_TC1" classname="VVSS_lab2.AppTest" time="0"/>
  <testcase name="addStudent_TC2" classname="VVSS_lab2.AppTest" time="0"/>
  <testcase name="addStudent_TC3" classname="VVSS_lab2.AppTest" time="0"/>
  <testcase name="addStudent_TC4" classname="VVSS_lab2.AppTest" time="0.001"/>
  <testcase name="addStudent_TC5" classname="VVSS_lab2.AppTest" time="0.007">
    <failure type="java.lang.AssertionError">java.lang.AssertionError
	at VVSS_lab2.AppTest.addStudent_TC5(AppTest.java:127)
</failure>
  </testcase>
  <testcase name="addStudent_TC6" classname="VVSS_lab2.AppTest" time="0"/>
  <testcase name="addStudent_TC7" classname="VVSS_lab2.AppTest" time="0.001"/>
  <testcase name="addStudent_TC8" classname="VVSS_lab2.AppTest" time="0"/>
  <testcase name="addStudent_TC9" classname="VVSS_lab2.AppTest" time="0"/>
  <testcase name="addStudentTest2" classname="VVSS_lab2.AppTest" time="0"/>
  <testcase name="addStudent_TC10" classname="VVSS_lab2.AppTest" time="0.001">
    <failure type="java.lang.AssertionError">java.lang.AssertionError
	at VVSS_lab2.AppTest.addStudent_TC10(AppTest.java:197)
</failure>
  </testcase>
  <testcase name="addStudent_TC11" classname="VVSS_lab2.AppTest" time="0">
    <failure type="java.lang.AssertionError">java.lang.AssertionError
	at VVSS_lab2.AppTest.addStudent_TC11(AppTest.java:213)
</failure>
  </testcase>
  <testcase name="addStudent_TC12" classname="VVSS_lab2.AppTest" time="0"/>
  <testcase name="addStudent_TC13" classname="VVSS_lab2.AppTest" time="0.001">
    <failure type="java.lang.AssertionError">java.lang.AssertionError
	at VVSS_lab2.AppTest.addStudent_TC13(AppTest.java:239)
</failure>
  </testcase>
  <testcase name="addStudent_TC14" classname="VVSS_lab2.AppTest" time="0.001"/>
  <testcase name="addStudent_TC15" classname="VVSS_lab2.AppTest" time="0">
    <failure type="java.lang.AssertionError">java.lang.AssertionError
	at VVSS_lab2.AppTest.addStudent_TC15(AppTest.java:265)
</failure>
  </testcase>
  <testcase name="addStudent_TC16" classname="VVSS_lab2.AppTest" time="0.001">
    <failure type="java.lang.AssertionError">java.lang.AssertionError
	at VVSS_lab2.AppTest.addStudent_TC16(AppTest.java:278)
</failure>
  </testcase>
  <testcase name="addStudent_TC17" classname="VVSS_lab2.AppTest" time="0">
    <failure type="java.lang.AssertionError">java.lang.AssertionError
	at VVSS_lab2.AppTest.addStudent_TC17(AppTest.java:291)
</failure>
  </testcase>
</testsuite>