<?xml version="1.0" encoding="UTF-8"?>
<testsuite xmlns:xsi="http://www.w3.org/2001/XMLSchema-instance" xsi:noNamespaceSchemaLocation="https://maven.apache.org/surefire/maven-surefire-plugin/xsd/surefire-test-report.xsd" name="VVSS_lab2.AppTest" time="0.062" tests="19" errors="0" skipped="0" failures="7">
  <properties>
[...]
</properties>
  <testcase name="addStudentTest" classname="VVSS_lab2.AppTest" time="0.005"/>
  <testcase name="addStudent_TC1" classname="VVSS_lab2.AppTest" time="0"/>
  <testcase name="addStudent_TC2" classname="VVSS_lab2.AppTest" time="0"/>
  <testcase name="addStudent_TC3" classname="VVSS_lab2.AppTest" time="0"/>
  <testcase name="addStudent_TC4" classname="VVSS_lab2.AppTest" time="0.001"/>
  <testcase name="addStudent_TC5" classname="VVSS_lab2.AppTest" time="0.007">
    <failure type="java.lang.AssertionError">java.lang.AssertionError
	at VVSS_lab2.AppTest.addStudent_TC5(AppTest.java:127)
</failure>
  </testcase>
  <testcase name="addStudent_TC6" classname="VVSS_lab2.AppTest" time="0"/>
  <testcase name="addStudent_TC7" classname="VVSS_lab2.AppTest" time="0.001"/>
  <testcase name="addStudent_TC8" classname="VVSS_lab2.AppTest" time="0"/>
  <testcase name="addStudent_TC9" classname="VVSS_lab2.AppTest" time="0"/>
  <testcase name="addStudentTest2" classname="VVSS_lab2.AppTest" time="0"/>
  <testcase name="addStudent_TC10" classname="VVSS_lab2.AppTest" time="0.001">
    <failure type="java.lang.AssertionError">java.lang.AssertionError
	at VVSS_lab2.AppTest.addStudent_TC10(AppTest.java:197)
</failure>
  </testcase>
  <testcase name="addStudent_TC11" classname="VVSS_lab2.AppTest" time="0">
    <failure type="java.lang.AssertionError">java.lang.AssertionError
	at VVSS_lab2.AppTest.addStudent_TC11(AppTest.java:213)
</failure>
  </testcase>
  <testcase name="addStudent_TC12" classname="VVSS_lab2.AppTest" time="0"/>
  <testcase name="addStudent_TC13" classname="VVSS_lab2.AppTest" time="0.001">
    <failure type="java.lang.AssertionError">java.lang.AssertionError
	at VVSS_lab2.AppTest.addStudent_TC13(AppTest.java:239)
</failure>
  </testcase>
  <testcase name="addStudent_TC14" classname="VVSS_lab2.AppTest" time="0.001"/>
  <testcase name="addStudent_TC15" classname="VVSS_lab2.AppTest" time="0">
    <failure type="java.lang.AssertionError">java.lang.AssertionError
	at VVSS_lab2.AppTest.addStudent_TC15(AppTest.java:265)
</failure>
  </testcase>
  <testcase name="addStudent_TC16" classname="VVSS_lab2.AppTest" time="0.001">
    <failure type="java.lang.AssertionError">java.lang.AssertionError
	at VVSS_lab2.AppTest.addStudent_TC16(AppTest.java:278)
</failure>
  </testcase>
  <testcase name="addStudent_TC17" classname="VVSS_lab2.AppTest" time="0">
    <failure type="java.lang.AssertionError">java.lang.AssertionError
	at VVSS_lab2.AppTest.addStudent_TC17(AppTest.java:291)
</failure>
  </testcase>
</testsuite>